c:\users\stephanos\documents\visual studio 2015\projects\robotsymbol\robotsymbol\debug\vc140.pdb
c:\users\stephanos\documents\visual studio 2015\projects\robotsymbol\robotsymbol\debug\vc140.idb
c:\users\stephanos\documents\visual studio 2015\projects\robotsymbol\robotsymbol\debug\textfilereader.obj
c:\users\stephanos\documents\visual studio 2015\projects\robotsymbol\robotsymbol\debug\texture.obj
c:\users\stephanos\documents\visual studio 2015\projects\robotsymbol\robotsymbol\debug\texturemanager.obj
c:\users\stephanos\documents\visual studio 2015\projects\robotsymbol\robotsymbol\debug\uniform.obj
c:\users\stephanos\documents\visual studio 2015\projects\robotsymbol\robotsymbol\debug\viewingfrustum.obj
c:\users\stephanos\documents\visual studio 2015\projects\robotsymbol\robotsymbol\debug\win32window.obj
c:\users\stephanos\documents\visual studio 2015\projects\robotsymbol\robotsymbol\debug\windowsconsolelogger.obj
c:\users\stephanos\documents\visual studio 2015\projects\robotsymbol\robotsymbol\debug\windowstimer.obj
c:\users\stephanos\documents\visual studio 2015\projects\robotsymbol\robotsymbol\debug\pcinputsystem.obj
c:\users\stephanos\documents\visual studio 2015\projects\robotsymbol\robotsymbol\debug\itextureloader.obj
c:\users\stephanos\documents\visual studio 2015\projects\robotsymbol\robotsymbol\debug\itimer.obj
c:\users\stephanos\documents\visual studio 2015\projects\robotsymbol\robotsymbol\debug\logger.obj
c:\users\stephanos\documents\visual studio 2015\projects\robotsymbol\robotsymbol\debug\mathutil.obj
c:\users\stephanos\documents\visual studio 2015\projects\robotsymbol\robotsymbol\debug\bmptextureloader.obj
c:\users\stephanos\documents\visual studio 2015\projects\robotsymbol\robotsymbol\debug\coresystem.obj
c:\users\stephanos\documents\visual studio 2015\projects\robotsymbol\robotsymbol\debug\genericwindow.obj
c:\users\stephanos\documents\visual studio 2015\projects\robotsymbol\robotsymbol\debug\baseshader.obj
c:\users\stephanos\documents\visual studio 2015\projects\robotsymbol\robotsymbol\debug\robotsymbol.tlog\cl.command.1.tlog
c:\users\stephanos\documents\visual studio 2015\projects\robotsymbol\robotsymbol\debug\robotsymbol.tlog\cl.read.1.tlog
c:\users\stephanos\documents\visual studio 2015\projects\robotsymbol\robotsymbol\debug\robotsymbol.tlog\cl.write.1.tlog
